SQLSTATE[HY093]: Invalid parameter number: parameter was not defined---2025-04-24 10:19:28
SQLSTATE[HY093]: Invalid parameter number: parameter was not defined---2025-04-24 10:19:29
SQLSTATE[HY093]: Invalid parameter number: parameter was not defined---2025-04-24 10:19:29
SQLSTATE[HY093]: Invalid parameter number: parameter was not defined---2025-04-24 10:19:46
SQLSTATE[HY093]: Invalid parameter number: parameter was not defined---2025-04-24 10:19:47
SQLSTATE[HY093]: Invalid parameter number: parameter was not defined---2025-04-24 10:19:47
SQLSTATE[HY093]: Invalid parameter number: parameter was not defined---2025-04-24 10:19:47
SQLSTATE[HY093]: Invalid parameter number: parameter was not defined---2025-04-24 10:19:48
SQLSTATE[HY093]: Invalid parameter number: parameter was not defined---2025-04-24 10:19:48
SQLSTATE[HY093]: Invalid parameter number: parameter was not defined---2025-04-24 10:19:50
SQLSTATE[HY093]: Invalid parameter number: parameter was not defined---2025-04-24 10:19:50
SQLSTATE[HY093]: Invalid parameter number: parameter was not defined---2025-04-24 10:19:50
SQLSTATE[HY093]: Invalid parameter number: parameter was not defined---2025-04-24 10:19:51
SQLSTATE[HY093]: Invalid parameter number: parameter was not defined---2025-04-24 10:19:51
SQLSTATE[23000]: Integrity constraint violation: 1062 Duplicate entry 'angelo@gmail.com-1' for key 'PRIMARY'---2025-04-29 13:01:35
SQLSTATE[23000]: Integrity constraint violation: 1062 Duplicate entry 'angelo@gmail.com-1' for key 'PRIMARY'---2025-04-29 13:01:38
SQLSTATE[23000]: Integrity constraint violation: 1062 Duplicate entry 'angelo@gmail.com-5' for key 'PRIMARY'---2025-04-29 13:04:22
SQLSTATE[23000]: Integrity constraint violation: 1062 Duplicate entry 'angelo@gmail.com-1' for key 'PRIMARY'---2025-05-08 10:00:17
SQLSTATE[42S22]: Column not found: 1054 Unknown column 'stato' in 'where clause'---2025-05-08 10:19:18
SQLSTATE[42S22]: Column not found: 1054 Unknown column 'stato' in 'where clause'---2025-05-08 10:19:20
SQLSTATE[42S22]: Column not found: 1054 Unknown column 'stato' in 'where clause'---2025-05-08 10:19:30
SQLSTATE[42S22]: Column not found: 1054 Unknown column 'stato' in 'field list'---2025-05-08 10:19:47
SQLSTATE[42S22]: Column not found: 1054 Unknown column 'utenti.lingua' in 'on clause'---2025-05-15 07:50:04
SQLSTATE[42S22]: Column not found: 1054 Unknown column 'utenti.lingua' in 'on clause'---2025-05-15 07:51:29
SQLSTATE[42S22]: Column not found: 1054 Unknown column 'utenti.lingua' in 'on clause'---2025-05-15 07:52:25
SQLSTATE[42S22]: Column not found: 1054 Unknown column 'utenti.lingua' in 'on clause'---2025-05-15 07:52:26
SQLSTATE[42S22]: Column not found: 1054 Unknown column 'utenti.lingua' in 'on clause'---2025-05-15 07:52:26
SQLSTATE[42S22]: Column not found: 1054 Unknown column 'utenti.lingua' in 'on clause'---2025-05-15 07:52:26
SQLSTATE[42S22]: Column not found: 1054 Unknown column 'utenti.lingua' in 'on clause'---2025-05-15 07:52:27
